WARNING:eutils._internal.queryservice:No NCBI API key provided; throttling to 3 requests/second; see https://ncbiinsights.ncbi.nlm.nih.gov/2017/11/02/new-api-keys-for-the-e-utilities/
WARNING:eutils._internal.queryservice:No NCBI API key provided; throttling to 3 requests/second; see https://ncbiinsights.ncbi.nlm.nih.gov/2017/11/02/new-api-keys-for-the-e-utilities/
INFO:root:Getting pareto front of 36 elements
INFO:root:Pareto front [[-2021     0]
 [-2022     0]
 [-2022    -1]
 [-2022    -1]
 [-2021    -1]
 [-2021    -8]
 [-2021    -1]
 [-2021    -1]
 [-2021    -6]
 [-2021    -1]
 [-2021    -2]
 [-2021    -7]
 [-2020    -7]
 [-2020    -7]
 [-2020   -13]
 [-2020   -11]
 [-2020   -11]
 [-2020    -1]
 [-2020    -3]
 [-2020   -11]
 [-2020   -15]
 [-2019   -13]
 [-2018   -17]
 [-2018   -12]
 [-2017    -9]
 [-2017    -3]
 [-2016   -22]
 [-2015   -41]
 [-2015   -28]]
INFO:root:Pareto front [[-2022     0]
 [-2022    -1]
 [-2022    -1]
 [-2021    -1]
 [-2021    -8]
 [-2021    -1]
 [-2021    -1]
 [-2021    -6]
 [-2021    -1]
 [-2021    -2]
 [-2021    -7]
 [-2020    -7]
 [-2020    -7]
 [-2020   -13]
 [-2020   -11]
 [-2020   -11]
 [-2020    -1]
 [-2020    -3]
 [-2020   -11]
 [-2020   -15]
 [-2019   -13]
 [-2018   -17]
 [-2018   -12]
 [-2017    -9]
 [-2017    -3]
 [-2016   -22]
 [-2015   -41]
 [-2015   -28]]
INFO:root:Pareto front [[-2022    -1]
 [-2021    -8]
 [-2021    -6]
 [-2021    -2]
 [-2021    -7]
 [-2020    -7]
 [-2020    -7]
 [-2020   -13]
 [-2020   -11]
 [-2020   -11]
 [-2020    -3]
 [-2020   -11]
 [-2020   -15]
 [-2019   -13]
 [-2018   -17]
 [-2018   -12]
 [-2017    -9]
 [-2017    -3]
 [-2016   -22]
 [-2015   -41]
 [-2015   -28]]
INFO:root:Pareto front [[-2022    -1]
 [-2021    -8]
 [-2020   -13]
 [-2020   -11]
 [-2020   -11]
 [-2020   -11]
 [-2020   -15]
 [-2019   -13]
 [-2018   -17]
 [-2018   -12]
 [-2017    -9]
 [-2016   -22]
 [-2015   -41]
 [-2015   -28]]
INFO:root:Pareto front [[-2022    -1]
 [-2021    -8]
 [-2020   -13]
 [-2020   -15]
 [-2018   -17]
 [-2016   -22]
 [-2015   -41]
 [-2015   -28]]
INFO:root:Pareto front [[-2022    -1]
 [-2021    -8]
 [-2020   -15]
 [-2018   -17]
 [-2016   -22]
 [-2015   -41]
 [-2015   -28]]
INFO:root:Pareto front [[-2022    -1]
 [-2021    -8]
 [-2020   -15]
 [-2018   -17]
 [-2016   -22]
 [-2015   -41]
 [-2015   -28]]
INFO:root:Pareto front [[-2022    -1]
 [-2021    -8]
 [-2020   -15]
 [-2018   -17]
 [-2016   -22]
 [-2015   -41]
 [-2015   -28]]
INFO:root:Pareto front [[-2022    -1]
 [-2021    -8]
 [-2020   -15]
 [-2018   -17]
 [-2016   -22]
 [-2015   -41]]
